<?xml version="1.0" encoding="UTF-8"?>
<!-- Generated by org.testng.reporters.JUnitReportReporter -->
<testsuite hostname="LAPTOP-3FC1F8QA" failures="0" tests="3" name="com.simplilearn.resttesting.GetRequestTest" time="3.251" errors="0" timestamp="2024-01-22T21:21:49 IST" skipped="0">
  <testcase classname="com.simplilearn.resttesting.GetRequestTest" name="getRequestWithUserIdTest" time="0.921"/>
  <testcase classname="com.simplilearn.resttesting.GetRequestTest" name="getRequestTest" time="2.093"/>
  <testcase classname="com.simplilearn.resttesting.GetRequestTest" name="getRequestWithQueryParmsTest" time="0.237"/>
</testsuite> <!-- com.simplilearn.resttesting.GetRequestTest -->
