<?xml version="1.0" encoding="UTF-8"?>
<!-- Generated by org.testng.reporters.JUnitReportReporter -->
<testsuite hostname="LAPTOP-3FC1F8QA" failures="0" tests="1" name="com.simplilearn.soaptesting.GetCapBYCountryCode" time="2.817" errors="0" timestamp="2024-01-18T23:20:59 IST" skipped="0">
  <testcase classname="com.simplilearn.soaptesting.GetCapBYCountryCode" name="testAuthenticationToken" time="2.817"/>
</testsuite> <!-- com.simplilearn.soaptesting.GetCapBYCountryCode -->
