<?xml version="1.0" encoding="UTF-8"?>
<!-- Generated by org.testng.reporters.JUnitReportReporter -->
<testsuite hostname="LAPTOP-3FC1F8QA" failures="0" tests="3" name="com.simplilearn.resttesting.DeleteRequestTest" time="4.159" errors="0" timestamp="2024-01-18T22:39:39 IST" skipped="0">
  <testcase classname="com.simplilearn.resttesting.DeleteRequestTest" name="putRequestTest" time="0.851"/>
  <testcase classname="com.simplilearn.resttesting.DeleteRequestTest" name="putRequestTest" time="2.447"/>
  <testcase classname="com.simplilearn.resttesting.DeleteRequestTest" name="putRequestTest" time="0.861"/>
</testsuite> <!-- com.simplilearn.resttesting.DeleteRequestTest -->
