<?xml version="1.0" encoding="UTF-8"?>
<!-- Generated by org.testng.reporters.JUnitReportReporter -->
<testsuite hostname="LAPTOP-3FC1F8QA" failures="0" tests="1" name="com.simplilearn.resttesting.PutRequestTest" time="3.787" errors="0" timestamp="2024-01-18T22:25:39 IST" skipped="0">
  <testcase classname="com.simplilearn.resttesting.PutRequestTest" name="putRequestTest" time="3.787"/>
</testsuite> <!-- com.simplilearn.resttesting.PutRequestTest -->
