<?xml version="1.0" encoding="UTF-8"?>
<!-- Generated by org.testng.reporters.JUnitReportReporter -->
<testsuite hostname="LAPTOP-3FC1F8QA" failures="0" tests="1" name="com.simplilearn.resttesting.PostRequestTest" time="4.314" errors="0" timestamp="2024-01-18T22:24:18 IST" skipped="0">
  <testcase classname="com.simplilearn.resttesting.PostRequestTest" name="postRequestTest" time="4.314"/>
</testsuite> <!-- com.simplilearn.resttesting.PostRequestTest -->
