<?xml version="1.0" encoding="UTF-8"?>
<!-- Generated by org.testng.reporters.JUnitReportReporter -->
<testsuite hostname="LAPTOP-3FC1F8QA" failures="0" tests="1" name="com.simplilearn.authorisetesting.AuthenticationTest" time="2.884" errors="0" timestamp="2024-01-18T23:18:51 IST" skipped="0">
  <testcase classname="com.simplilearn.authorisetesting.AuthenticationTest" name="testAuthenticationToken" time="2.884"/>
</testsuite> <!-- com.simplilearn.authorisetesting.AuthenticationTest -->
